<?xml version="1.0" encoding="UTF-8"?>
<testng-results ignored="0" total="6" passed="6" failed="0" skipped="0">
  <reporter-output>
  </reporter-output>
  <suite started-at="2024-05-14T20:59:58 CEST" name="Default suite" finished-at="2024-05-14T21:00:02 CEST" duration-ms="4632">
    <groups>
    </groups>
    <test started-at="2024-05-14T20:59:58 CEST" name="Default test" finished-at="2024-05-14T21:00:02 CEST" duration-ms="4632">
      <class name="testcases.LibraryAPI">
        <test-method signature="addBook(java.lang.String,java.lang.String)[pri:0, instance:testcases.LibraryAPI@69e153c5]" started-at="2024-05-14T20:59:58 CEST" name="addBook" data-provider="BookData" finished-at="2024-05-14T21:00:00 CEST" duration-ms="2144" status="PASS">
          <params>
            <param index="0">
              <value>
                <![CDATA[qwerty]]>
              </value>
            </param>
            <param index="1">
              <value>
                <![CDATA[123]]>
              </value>
            </param>
          </params>
          <reporter-output>
          </reporter-output>
        </test-method> <!-- addBook -->
        <test-method signature="addBook(java.lang.String,java.lang.String)[pri:0, instance:testcases.LibraryAPI@69e153c5]" started-at="2024-05-14T21:00:00 CEST" name="addBook" data-provider="BookData" finished-at="2024-05-14T21:00:00 CEST" duration-ms="508" status="PASS">
          <params>
            <param index="0">
              <value>
                <![CDATA[qwerty]]>
              </value>
            </param>
            <param index="1">
              <value>
                <![CDATA[1234]]>
              </value>
            </param>
          </params>
          <reporter-output>
          </reporter-output>
        </test-method> <!-- addBook -->
        <test-method signature="addBook(java.lang.String,java.lang.String)[pri:0, instance:testcases.LibraryAPI@69e153c5]" started-at="2024-05-14T21:00:00 CEST" name="addBook" data-provider="BookData" finished-at="2024-05-14T21:00:01 CEST" duration-ms="473" status="PASS">
          <params>
            <param index="0">
              <value>
                <![CDATA[qwerty]]>
              </value>
            </param>
            <param index="1">
              <value>
                <![CDATA[12345]]>
              </value>
            </param>
          </params>
          <reporter-output>
          </reporter-output>
        </test-method> <!-- addBook -->
        <test-method signature="deleteBook(java.lang.String,java.lang.String)[pri:1, instance:testcases.LibraryAPI@69e153c5]" started-at="2024-05-14T21:00:01 CEST" name="deleteBook" data-provider="BookData" finished-at="2024-05-14T21:00:01 CEST" duration-ms="475" status="PASS">
          <params>
            <param index="0">
              <value>
                <![CDATA[qwerty]]>
              </value>
            </param>
            <param index="1">
              <value>
                <![CDATA[123]]>
              </value>
            </param>
          </params>
          <reporter-output>
          </reporter-output>
        </test-method> <!-- deleteBook -->
        <test-method signature="deleteBook(java.lang.String,java.lang.String)[pri:1, instance:testcases.LibraryAPI@69e153c5]" started-at="2024-05-14T21:00:01 CEST" name="deleteBook" data-provider="BookData" finished-at="2024-05-14T21:00:02 CEST" duration-ms="476" status="PASS">
          <params>
            <param index="0">
              <value>
                <![CDATA[qwerty]]>
              </value>
            </param>
            <param index="1">
              <value>
                <![CDATA[1234]]>
              </value>
            </param>
          </params>
          <reporter-output>
          </reporter-output>
        </test-method> <!-- deleteBook -->
        <test-method signature="deleteBook(java.lang.String,java.lang.String)[pri:1, instance:testcases.LibraryAPI@69e153c5]" started-at="2024-05-14T21:00:02 CEST" name="deleteBook" data-provider="BookData" finished-at="2024-05-14T21:00:02 CEST" duration-ms="482" status="PASS">
          <params>
            <param index="0">
              <value>
                <![CDATA[qwerty]]>
              </value>
            </param>
            <param index="1">
              <value>
                <![CDATA[12345]]>
              </value>
            </param>
          </params>
          <reporter-output>
          </reporter-output>
        </test-method> <!-- deleteBook -->
      </class> <!-- testcases.LibraryAPI -->
    </test> <!-- Default test -->
  </suite> <!-- Default suite -->
</testng-results>
